<?xml version="1.0" encoding="UTF-8"?>
<!-- Generated by org.testng.reporters.JUnitXMLReporter -->
<testsuite ignored="0" hostname="DESKTOP-GUCMBC3" failures="0" tests="7" name="Test Cases" time="55.25" errors="0" timestamp="2022-10-29T18:39:35 IST">
  <testcase classname="testData.TestCase" name="StudentLogin" time="8.537"/>
  <testcase classname="testData.TestCase" name="BeforeImport" time="11.645"/>
  <testcase classname="testData.TestCase" name="ImportMarks" time="10.129"/>
  <testcase classname="testData.TestCase" name="AfterImport" time="7.236"/>
  <testcase classname="testData.TestCase" name="AdminPagelogin" time="2.069"/>
  <testcase classname="testData.TestCase" name="AddCollege" time="9.245"/>
  <testcase classname="testData.TestCase" name="ValidatingCollege" time="0.67"/>
</testsuite> <!-- Test Cases -->
